<?xml version="1.0" encoding="UTF-8"?>
<testng-results ignored="0" total="1" passed="1" failed="0" skipped="0">
  <reporter-output>
    <line>
      <![CDATA[readingUrlfrom properties file]]>
    </line>
    <line>
      <![CDATA[Launching browser]]>
    </line>
    <line>
      <![CDATA[Clicking on gender ]]>
    </line>
    <line>
      <![CDATA[Clicking on wife icon]]>
    </line>
    <line>
      <![CDATA[Clicking on mother icon]]>
    </line>
    <line>
      <![CDATA[Clicking on next button]]>
    </line>
    <line>
      <![CDATA[Handling My Age]]>
    </line>
    <line>
      <![CDATA[Handling Wife's Age]]>
    </line>
    <line>
      <![CDATA[Handling Mother's Age]]>
    </line>
    <line>
      <![CDATA[Clicking on next button]]>
    </line>
    <line>
      <![CDATA[Entering my Pincode]]>
    </line>
    <line>
      <![CDATA[Entering mother's Pincode]]>
    </line>
    <line>
      <![CDATA[Entering mobile no]]>
    </line>
    <line>
      <![CDATA[Clicking on continue button]]>
    </line>
    <line>
      <![CDATA[Getting Planresult]]>
    </line>
    <line>
      <![CDATA[getting plan value]]>
    </line>
    <line>
      <![CDATA[TC IS PASS AS BOTH VALUES ARE SAME]]>
    </line>
    <line>
      <![CDATA[Congratulation Test validateplan is Passed]]>
    </line>
    <line>
      <![CDATA[Closing browser]]>
    </line>
  </reporter-output>
  <suite started-at="2025-04-27T17:39:54 IST" name="Suite" finished-at="2025-04-27T17:40:18 IST" duration-ms="24108">
    <groups>
    </groups>
    <test started-at="2025-04-27T17:39:54 IST" name="Test" finished-at="2025-04-27T17:40:18 IST" duration-ms="24108">
      <class name="com.coverfox_test.TestNgPomcoverfoxclassduplicate">
        <test-method is-config="true" signature="LaunchBrowser()[pri:0, instance:com.coverfox_test.TestNgPomcoverfoxclassduplicate@4afcd809]" started-at="2025-04-27T17:39:54 IST" name="LaunchBrowser" finished-at="2025-04-27T17:39:59 IST" duration-ms="5383" status="PASS">
          <reporter-output>
            <line>
              <![CDATA[readingUrlfrom properties file]]>
            </line>
            <line>
              <![CDATA[Launching browser]]>
            </line>
          </reporter-output>
        </test-method> <!-- LaunchBrowser -->
        <test-method is-config="true" signature="precondition()[pri:0, instance:com.coverfox_test.TestNgPomcoverfoxclassduplicate@4afcd809]" started-at="2025-04-27T17:39:59 IST" name="precondition" finished-at="2025-04-27T17:40:09 IST" duration-ms="9829" status="PASS">
          <reporter-output>
            <line>
              <![CDATA[Clicking on gender ]]>
            </line>
            <line>
              <![CDATA[Clicking on wife icon]]>
            </line>
            <line>
              <![CDATA[Clicking on mother icon]]>
            </line>
            <line>
              <![CDATA[Clicking on next button]]>
            </line>
            <line>
              <![CDATA[Handling My Age]]>
            </line>
            <line>
              <![CDATA[Handling Wife's Age]]>
            </line>
            <line>
              <![CDATA[Handling Mother's Age]]>
            </line>
            <line>
              <![CDATA[Clicking on next button]]>
            </line>
            <line>
              <![CDATA[Entering my Pincode]]>
            </line>
            <line>
              <![CDATA[Entering mother's Pincode]]>
            </line>
            <line>
              <![CDATA[Entering mobile no]]>
            </line>
            <line>
              <![CDATA[Clicking on continue button]]>
            </line>
          </reporter-output>
        </test-method> <!-- precondition -->
        <test-method signature="validateplan()[pri:0, instance:com.coverfox_test.TestNgPomcoverfoxclassduplicate@4afcd809]" started-at="2025-04-27T17:40:09 IST" name="validateplan" finished-at="2025-04-27T17:40:17 IST" duration-ms="8214" status="PASS">
          <reporter-output>
            <line>
              <![CDATA[Getting Planresult]]>
            </line>
            <line>
              <![CDATA[getting plan value]]>
            </line>
            <line>
              <![CDATA[TC IS PASS AS BOTH VALUES ARE SAME]]>
            </line>
            <line>
              <![CDATA[Congratulation Test validateplan is Passed]]>
            </line>
          </reporter-output>
        </test-method> <!-- validateplan -->
        <test-method is-config="true" signature="closingbrowser()[pri:0, instance:com.coverfox_test.TestNgPomcoverfoxclassduplicate@4afcd809]" started-at="2025-04-27T17:40:17 IST" name="closingbrowser" finished-at="2025-04-27T17:40:18 IST" duration-ms="584" status="PASS">
          <reporter-output>
            <line>
              <![CDATA[Closing browser]]>
            </line>
          </reporter-output>
        </test-method> <!-- closingbrowser -->
      </class> <!-- com.coverfox_test.TestNgPomcoverfoxclassduplicate -->
    </test> <!-- Test -->
  </suite> <!-- Suite -->
</testng-results>
